<?xml version="1.0" encoding="UTF-8"?>
<testng-results skipped="0" failed="0" ignored="0" total="4" passed="4">
  <reporter-output>
  </reporter-output>
  <suite name="Suite" duration-ms="3577" started-at="2024-08-05T15:40:59 IST" finished-at="2024-08-05T15:41:03 IST">
    <groups>
    </groups>
    <test name="Test" duration-ms="3577" started-at="2024-08-05T15:40:59 IST" finished-at="2024-08-05T15:41:03 IST">
      <class name="Day8.UpdateUser">
        <test-method status="PASS" signature="testUpdateUser(org.testng.ITestContext)[pri:0, instance:Day8.UpdateUser@167fdd33]" name="testUpdateUser" duration-ms="407" started-at="2024-08-05T15:41:02 IST" finished-at="2024-08-05T15:41:02 IST">
          <params>
            <param index="0">
              <value>
                <![CDATA[org.testng.TestRunner@710726a3]]>
              </value>
            </param>
          </params>
          <reporter-output>
          </reporter-output>
        </test-method> <!-- testUpdateUser -->
      </class> <!-- Day8.UpdateUser -->
      <class name="Day8.GetUser">
        <test-method status="PASS" signature="testGetUser(org.testng.ITestContext)[pri:0, instance:Day8.GetUser@5f282abb]" name="testGetUser" duration-ms="415" started-at="2024-08-05T15:41:01 IST" finished-at="2024-08-05T15:41:02 IST">
          <params>
            <param index="0">
              <value>
                <![CDATA[org.testng.TestRunner@710726a3]]>
              </value>
            </param>
          </params>
          <reporter-output>
          </reporter-output>
        </test-method> <!-- testGetUser -->
      </class> <!-- Day8.GetUser -->
      <class name="Day8.DeleteUser">
        <test-method status="PASS" signature="testDeleteUser(org.testng.ITestContext)[pri:0, instance:Day8.DeleteUser@1e965684]" name="testDeleteUser" duration-ms="621" started-at="2024-08-05T15:41:02 IST" finished-at="2024-08-05T15:41:03 IST">
          <params>
            <param index="0">
              <value>
                <![CDATA[org.testng.TestRunner@710726a3]]>
              </value>
            </param>
          </params>
          <reporter-output>
          </reporter-output>
        </test-method> <!-- testDeleteUser -->
      </class> <!-- Day8.DeleteUser -->
      <class name="Day8.CreateUser">
        <test-method status="PASS" signature="testCreateUser(org.testng.ITestContext)[pri:0, instance:Day8.CreateUser@1d29cf23]" name="testCreateUser" duration-ms="2101" started-at="2024-08-05T15:40:59 IST" finished-at="2024-08-05T15:41:01 IST">
          <params>
            <param index="0">
              <value>
                <![CDATA[org.testng.TestRunner@710726a3]]>
              </value>
            </param>
          </params>
          <reporter-output>
          </reporter-output>
        </test-method> <!-- testCreateUser -->
      </class> <!-- Day8.CreateUser -->
    </test> <!-- Test -->
  </suite> <!-- Suite -->
</testng-results>
