<?xml version="1.0" encoding="UTF-8"?>
<!-- Generated by org.testng.reporters.JUnitXMLReporter -->
<testsuite hostname="Bhargav" ignored="0" name="Test" tests="4" failures="0" timestamp="2024-08-05T15:41:03 IST" time="3.577" errors="0">
  <testcase name="testCreateUser" time="2.101" classname="Day8.CreateUser"/>
  <testcase name="testGetUser" time="0.415" classname="Day8.GetUser"/>
  <testcase name="testUpdateUser" time="0.407" classname="Day8.UpdateUser"/>
  <testcase name="testDeleteUser" time="0.621" classname="Day8.DeleteUser"/>
</testsuite> <!-- Test -->
